<?xml version="1.0" encoding="UTF-8"?>
<testsuite name="org.mppproject.queries.AssefaQueriesTest" tests="2" skipped="0" failures="0" errors="0" timestamp="2019-10-24T05:48:39" hostname="hhh-SVF14213SAW" time="0.015">
  <properties/>
  <testcase name="MyDetailsOfOrder" classname="org.mppproject.queries.AssefaQueriesTest" time="0.011"/>
  <testcase name="MyGetSalesmenAscending" classname="org.mppproject.queries.AssefaQueriesTest" time="0.003"/>
  <system-out><![CDATA[]]></system-out>
  <system-err><![CDATA[]]></system-err>
</testsuite>
