<?xml version="1.0" encoding="UTF-8"?>
<testsuite name="org.mppproject.queries.QueriesJeevanTest" tests="3" skipped="0" failures="0" errors="0" timestamp="2019-10-24T01:55:33" hostname="DESKTOP-950GC04" time="0.018">
  <properties/>
  <testcase name="getListOfCustomer" classname="org.mppproject.queries.QueriesJeevanTest" time="0.007"/>
  <testcase name="getTotalOrderProductSum" classname="org.mppproject.queries.QueriesJeevanTest" time="0.004"/>
  <testcase name="getListPriceByProductCategories" classname="org.mppproject.queries.QueriesJeevanTest" time="0.004"/>
  <system-out><![CDATA[]]></system-out>
  <system-err><![CDATA[]]></system-err>
</testsuite>
