<?xml version="1.0" encoding="UTF-8"?>
<testsuite name="org.mppproject.queries.PersonTest" tests="1" skipped="0" failures="0" errors="0" timestamp="2019-10-24T01:55:33" hostname="DESKTOP-950GC04" time="0.0">
  <properties/>
  <testcase name="prints" classname="org.mppproject.queries.PersonTest" time="0.0"/>
  <system-out><![CDATA[]]></system-out>
  <system-err><![CDATA[]]></system-err>
</testsuite>
