<?xml version="1.0" encoding="UTF-8"?>
<testsuite name="org.mppproject.queries.QueriesJeevanTest" tests="3" skipped="0" failures="0" errors="0" timestamp="2019-10-24T03:09:40" hostname="hhh-SVF14213SAW" time="0.037">
  <properties/>
  <testcase name="getListOfCustomer" classname="org.mppproject.queries.QueriesJeevanTest" time="0.012"/>
  <testcase name="getTotalOrderProductSum" classname="org.mppproject.queries.QueriesJeevanTest" time="0.01"/>
  <testcase name="getListPriceByProductCategories" classname="org.mppproject.queries.QueriesJeevanTest" time="0.013"/>
  <system-out><![CDATA[]]></system-out>
  <system-err><![CDATA[]]></system-err>
</testsuite>
