<?xml version="1.0" encoding="UTF-8"?>
<testsuite name="org.mppproject.queries.QueriesAmitTest" tests="3" skipped="0" failures="0" errors="0" timestamp="2019-10-24T01:55:33" hostname="DESKTOP-950GC04" time="0.068">
  <properties/>
  <testcase name="getTotalSalesmenPerCityTest" classname="org.mppproject.queries.QueriesAmitTest" time="0.057"/>
  <testcase name="getCustomersAndSalesmenSameCityTest" classname="org.mppproject.queries.QueriesAmitTest" time="0.004"/>
  <testcase name="uniqueCustomersPerCityTest" classname="org.mppproject.queries.QueriesAmitTest" time="0.005"/>
  <system-out><![CDATA[]]></system-out>
  <system-err><![CDATA[]]></system-err>
</testsuite>
