<?xml version="1.0" encoding="UTF-8"?>
<testsuite name="org.mppproject.queries.AssefaQueriesTest" tests="2" skipped="0" failures="0" errors="0" timestamp="2019-10-24T01:55:32" hostname="DESKTOP-950GC04" time="0.014">
  <properties/>
  <testcase name="MyDetailsOfOrder" classname="org.mppproject.queries.AssefaQueriesTest" time="0.01"/>
  <testcase name="MyGetSalesmenAscending" classname="org.mppproject.queries.AssefaQueriesTest" time="0.003"/>
  <system-out><![CDATA[]]></system-out>
  <system-err><![CDATA[]]></system-err>
</testsuite>
