<?xml version="1.0" encoding="UTF-8"?>
<testsuite name="org.mppproject.queries.PersonTest" tests="1" skipped="0" failures="0" errors="0" timestamp="2019-10-24T03:09:40" hostname="hhh-SVF14213SAW" time="0.002">
  <properties/>
  <testcase name="prints" classname="org.mppproject.queries.PersonTest" time="0.002"/>
  <system-out><![CDATA[]]></system-out>
  <system-err><![CDATA[]]></system-err>
</testsuite>
