<?xml version="1.0" encoding="UTF-8"?>
<testsuite name="org.mppproject.queries.QueriesSameerTest" tests="3" skipped="0" failures="0" errors="0" timestamp="2019-10-24T01:55:33" hostname="DESKTOP-950GC04" time="0.022">
  <properties/>
  <testcase name="customerWithLessGrade" classname="org.mppproject.queries.QueriesSameerTest" time="0.006"/>
  <testcase name="customerWithMoreThanOneOrder" classname="org.mppproject.queries.QueriesSameerTest" time="0.005"/>
  <testcase name="topKItemsOrderedByCustomers" classname="org.mppproject.queries.QueriesSameerTest" time="0.006"/>
  <system-out><![CDATA[]]></system-out>
  <system-err><![CDATA[]]></system-err>
</testsuite>
