<?xml version="1.0" encoding="UTF-8"?>
<testsuite name="org.mppproject.queries.HHQueriesTest" tests="4" skipped="0" failures="0" errors="0" timestamp="2019-10-24T01:55:32" hostname="DESKTOP-950GC04" time="0.082">
  <properties/>
  <testcase name="getCustomersPerCityTest" classname="org.mppproject.queries.HHQueriesTest" time="0.017"/>
  <testcase name="gettopFiveCurrentOrderedItems" classname="org.mppproject.queries.HHQueriesTest" time="0.03"/>
  <testcase name="getCustomersWithDiffCity" classname="org.mppproject.queries.HHQueriesTest" time="0.006"/>
  <testcase name="geteachCityTopItem" classname="org.mppproject.queries.HHQueriesTest" time="0.022"/>
  <system-out><![CDATA[]]></system-out>
  <system-err><![CDATA[]]></system-err>
</testsuite>
